2025-05-08 13:20:49,860 INFO [USER] Привет роботи шт.
2025-05-08 13:20:50,940 INFO [THREAD] created: thread_xhYrfSJ1uGWPlPprFCrpSBjg
2025-05-08 13:20:51,662 INFO [THREAD] message sent: Привет роботи шт.
2025-05-08 13:20:53,345 INFO [RUN] started: run_MDuZBWx99tIazxtQMWI96ngZ
2025-05-08 13:20:53,716 INFO [RUN] status: queued
2025-05-08 13:20:55,525 INFO [RUN] status: completed
2025-05-08 13:20:55,893 INFO [MESSAGES] count: 2
2025-05-08 13:20:55,893 INFO [ASSISTANT] Здравствуйте! Чем могу помочь вам на аукционной платформе?
2025-05-08 13:20:57,652 INFO [AUDIO] assistans/static/audio/be0951cc-64dd-407e-9a81-11b9325e1f38.mp3
2025-05-08 20:29:46,427 INFO [USER] Приват тут і кандела, чим займається здесь?
2025-05-08 20:29:47,195 INFO [THREAD] created: thread_8lwzxMVqomTeH5S78rGS0xIC
2025-05-08 20:29:47,909 INFO [THREAD] message sent: Приват тут і кандела, чим займається здесь?
2025-05-08 20:29:49,032 INFO [RUN] started: run_QHutIGvjrTGybiXcKBJWKKdB
2025-05-08 20:29:49,515 INFO [RUN] status: queued
2025-05-08 20:29:53,988 INFO [RUN] status: in_progress
2025-05-08 20:29:55,359 INFO [RUN] status: completed
2025-05-08 20:29:55,601 INFO [MESSAGES] count: 2
2025-05-08 20:29:55,601 INFO [ASSISTANT] Вибачте, можливо ви маєте на увазі "Приват" і "Кандела"? Це назви компаній або сервісів? Можу допомогти з роз'ясненнями, якщо уточните, про що саме йде мова.
2025-05-08 20:30:00,131 INFO [AUDIO] assistans/static/audio/583efaf9-aa5f-4943-b23f-97d4fead2fea.mp3
2025-05-08 20:30:21,115 INFO [USER] То я поздоровався, привіт як дела, як справи, як справи в тебе скажи?
2025-05-08 20:30:21,493 INFO [THREAD] created: thread_wlxF6VxKb1yJ01Mjn88NEQg8
2025-05-08 20:30:22,490 INFO [THREAD] message sent: То я поздоровався, привіт як дела, як справи, як справи в тебе скажи?
2025-05-08 20:30:23,489 INFO [RUN] started: run_ESXLHaCjxObk7IiP6h9tirZh
2025-05-08 20:30:23,835 INFO [RUN] status: queued
2025-05-08 20:30:25,540 INFO [RUN] status: completed
2025-05-08 20:30:25,774 INFO [MESSAGES] count: 2
2025-05-08 20:30:25,774 INFO [ASSISTANT] Привіт! Усе добре, дякую. Як у вас справи? Чи можу я чимось допомогти щодо платформи аукціонів?
2025-05-08 20:30:27,945 INFO [AUDIO] assistans/static/audio/98ee4c8b-47b6-48b3-b1bb-f1b087109dac.mp3
2025-05-08 20:30:42,258 INFO [USER] Як тут все працює, можеш мені коротко розповісти.
2025-05-08 20:30:42,810 INFO [THREAD] created: thread_uH4esco5ITEd0hpeII8uJYFw
2025-05-08 20:30:43,517 INFO [THREAD] message sent: Як тут все працює, можеш мені коротко розповісти.
2025-05-08 20:30:44,713 INFO [RUN] started: run_bH3OUWi5wen4Ps1Ku6bvmmCJ
2025-05-08 20:30:45,029 INFO [RUN] status: queued
2025-05-08 20:30:46,422 INFO [RUN] status: completed
2025-05-08 20:30:46,687 INFO [MESSAGES] count: 2
2025-05-08 20:30:46,688 INFO [ASSISTANT] Звичайно! Це платформа аукціонів: продавець створює лоти, покупці беруть участь, знижуючи ціну та роблячи ставки. Після закінчення, переможець купує товар за поточну ціну. Баланс поповнюєтесь через сторінку, а голосовий віджет допомагає ставити питання.
2025-05-08 20:30:51,197 INFO [AUDIO] assistans/static/audio/8c6a8a8f-5a4d-494f-9bc8-193f4144f59b.mp3
2025-05-09 09:49:19,417 INFO [USER] Робото стій слиш на мені.
2025-05-09 09:49:20,506 INFO [THREAD] created: thread_OHUrxz2rS4poiaw1mOQYosLE
2025-05-09 09:49:21,073 INFO [THREAD] message sent: Робото стій слиш на мені.
2025-05-09 09:49:22,097 INFO [RUN] started: run_uZysfNfU2LcDnjRX1aljwY4y
2025-05-09 09:49:22,626 INFO [RUN] status: queued
2025-05-09 09:49:24,282 INFO [RUN] status: in_progress
2025-05-09 09:49:26,056 INFO [RUN] status: completed
2025-05-09 09:49:26,382 INFO [MESSAGES] count: 2
2025-05-09 09:49:26,382 INFO [ASSISTANT] Вибачте, я не зовсім зрозумів ваше повідомлення. Могли б ви пояснити або поставити питання щодо платформи аукціонів?
2025-05-09 09:49:29,075 INFO [AUDIO] assistans/static/audio/b82cd7fd-d9d1-4eef-afc6-08c266d4ea6e.mp3
2025-05-19 20:46:25,993 INFO [USER] привіт
2025-05-19 20:46:30,953 INFO [THREAD] created: thread_yzzbYwLv9WiPR2g2zFO9UL2e
2025-05-19 20:46:34,876 INFO [THREAD] message sent: привіт
2025-05-19 20:46:39,526 INFO [RUN] started: run_PLPE6r8PSeDrEl5wEw9skH2W
2025-05-19 20:46:40,135 INFO [RUN] status: queued
2025-05-19 20:46:42,759 INFO [RUN] status: queued
2025-05-19 20:46:46,170 INFO [RUN] status: in_progress
2025-05-19 20:46:47,509 INFO [RUN] status: in_progress
2025-05-19 20:46:49,699 INFO [RUN] status: in_progress
2025-05-19 20:46:51,202 INFO [RUN] status: in_progress
2025-05-19 20:46:54,624 INFO [RUN] status: in_progress
2025-05-19 20:46:55,965 INFO [RUN] status: completed
2025-05-19 20:46:56,265 INFO [MESSAGES] count: 2
2025-05-19 20:46:56,265 INFO [ASSISTANT] Вітаю! Чим можу допомогти щодо аукціонної платформи?
2025-05-19 20:46:57,808 INFO [AUDIO] assistans/static/audio/a69f8691-583f-46f2-81fa-88917c4e6eb0.mp3
